<?xml version="1.0" encoding="UTF-8"?>
<!-- Generated by org.testng.reporters.JUnitReportReporter -->
<testsuite skipped="3" hostname="DESKTOP-NVMA5KS" name="tests.SmokeTestCase" tests="4" failures="1" timestamp="13 Mar 2019 12:34:34 GMT" time="17.688" errors="0">
  <testcase name="SubmitAddressSmoke" time="0.000" classname="tests.SmokeTestCase">
    <skipped/>
  </testcase> <!-- SubmitAddressSmoke -->
  <testcase name="SetupAmazon" time="17.687" classname="tests.SmokeTestCase">
    <failure type="java.lang.AssertionError" message="Account List element was not found">
      <![CDATA[java.lang.AssertionError: Account List element was not found
	at org.testng.Assert.fail(Assert.java:93)
	at amazon.Pages.LoginPages.Login(LoginPages.java:37)
	at amazon.AmazonBase.SetupAmazon(AmazonBase.java:35)
	at sun.reflect.NativeMethodAccessorImpl.invoke0(Native Method)
	at sun.reflect.NativeMethodAccessorImpl.invoke(NativeMethodAccessorImpl.java:62)
	at sun.reflect.DelegatingMethodAccessorImpl.invoke(DelegatingMethodAccessorImpl.java:43)
	at java.lang.reflect.Method.invoke(Method.java:498)
	at org.testng.internal.MethodInvocationHelper.invokeMethod(MethodInvocationHelper.java:108)
	at org.testng.internal.Invoker.invokeConfigurationMethod(Invoker.java:523)
	at org.testng.internal.Invoker.invokeConfigurations(Invoker.java:224)
	at org.testng.internal.Invoker.invokeConfigurations(Invoker.java:146)
	at org.testng.internal.TestMethodWorker.invokeBeforeClassMethods(TestMethodWorker.java:166)
	at org.testng.internal.TestMethodWorker.run(TestMethodWorker.java:105)
	at org.testng.TestRunner.privateRun(TestRunner.java:744)
	at org.testng.TestRunner.run(TestRunner.java:602)
	at org.testng.SuiteRunner.runTest(SuiteRunner.java:380)
	at org.testng.SuiteRunner.runSequentially(SuiteRunner.java:375)
	at org.testng.SuiteRunner.privateRun(SuiteRunner.java:340)
	at org.testng.SuiteRunner.run(SuiteRunner.java:289)
	at org.testng.SuiteRunnerWorker.runSuite(SuiteRunnerWorker.java:52)
	at org.testng.SuiteRunnerWorker.run(SuiteRunnerWorker.java:86)
	at org.testng.TestNG.runSuitesSequentially(TestNG.java:1301)
	at org.testng.TestNG.runSuitesLocally(TestNG.java:1226)
	at org.testng.TestNG.runSuites(TestNG.java:1144)
	at org.testng.TestNG.run(TestNG.java:1115)
	at org.testng.remote.AbstractRemoteTestNG.run(AbstractRemoteTestNG.java:115)
	at org.testng.remote.RemoteTestNG.initAndRun(RemoteTestNG.java:251)
	at org.testng.remote.RemoteTestNG.main(RemoteTestNG.java:77)
]]>
    </failure>
  </testcase> <!-- SetupAmazon -->
  <testcase name="FillCCSmoke" time="0.000" classname="tests.SmokeTestCase">
    <skipped/>
  </testcase> <!-- FillCCSmoke -->
  <testcase name="AddtoCartSmoke" time="0.001" classname="tests.SmokeTestCase">
    <skipped/>
  </testcase> <!-- AddtoCartSmoke -->
</testsuite> <!-- tests.SmokeTestCase -->
