<html>
<head>
<title>TestNG:  TEST NAME GOES HERE</title>
<link href="../testng.css" rel="stylesheet" type="text/css" />
<link href="../my-testng.css" rel="stylesheet" type="text/css" />

<style type="text/css">
.log { display: none;} 
.stack-trace { display: none;} 
</style>
<script type="text/javascript">
<!--
function flip(e) {
  current = e.style.display;
  if (current == 'block') {
    e.style.display = 'none';
    return 0;
  }
  else {
    e.style.display = 'block';
    return 1;
  }
}

function toggleBox(szDivId, elem, msg1, msg2)
{
  var res = -1;  if (document.getElementById) {
    res = flip(document.getElementById(szDivId));
  }
  else if (document.all) {
    // this is the way old msie versions work
    res = flip(document.all[szDivId]);
  }
  if(elem) {
    if(res == 0) elem.innerHTML = msg1; else elem.innerHTML = msg2;
  }

}

function toggleAllBoxes() {
  if (document.getElementsByTagName) {
    d = document.getElementsByTagName('div');
    for (i = 0; i < d.length; i++) {
      if (d[i].className == 'log') {
        flip(d[i]);
      }
    }
  }
}

// -->
</script>

</head>
<body>
<h2 align='center'>TEST NAME GOES HERE</h2><table border='1' align="center">
<tr>
<td>Tests passed/Failed/Skipped:</td><td>3/0/5</td>
</tr><tr>
<td>Started on:</td><td>Tue Mar 12 16:05:17 EET 2019</td>
</tr>
<tr><td>Total time:</td><td>60 seconds (60051 ms)</td>
</tr><tr>
<td>Included groups:</td><td></td>
</tr><tr>
<td>Excluded groups:</td><td></td>
</tr>
</table><p/>
<small><i>(Hover the method name to see the test class name)</i></small><p/>
<table width='100%' border='1' class='invocation-failed'>
<tr><td colspan='4' align='center'><b>FAILED CONFIGURATIONS</b></td></tr>
<tr><td><b>Test method</b></td>
<td width="30%"><b>Exception</b></td>
<td width="10%"><b>Time (seconds)</b></td>
<td><b>Instance</b></td>
</tr>
<tr>
<td title='tests.AddMusicTestCase.SetupAmazon()'><b>SetupAmazon</b><br>Test class: tests.AddMusicTestCase<br/>
<a href="#Output-358019805" onClick='toggleBox("Output-358019805", this, "Show output", "Hide output");'>Show output</a>

<a href="#Output-358019805" onClick="toggleAllBoxes();">Show all outputs</a>
<div class='log' id="Output-358019805">
      Cleaning...<br/>
</div>
</td>
<td><div><pre>java.util.NoSuchElementException: No value present
	at java.util.Optional.get(Optional.java:135)
	at amazon.Pages.GlobalPages.OpenDepartment(GlobalPages.java:155)
	at amazon.Pages.MusicPages.OpenMp3Cart(MusicPages.java:19)
	at assets.Cleaner.cleaner(Cleaner.java:15)
	at amazon.AmazonBase.SetupAmazon(AmazonBase.java:33)
... Removed 25 stack frames</pre></div><a href='#' onClick='toggleBox("stack-trace358019805", this, "Click to show all stack frames", "Click to hide stack frames")'>Click to show all stack frames</a>
<div class='stack-trace' id='stack-trace358019805'><pre>java.util.NoSuchElementException: No value present
	at java.util.Optional.get(Optional.java:135)
	at amazon.Pages.GlobalPages.OpenDepartment(GlobalPages.java:155)
	at amazon.Pages.MusicPages.OpenMp3Cart(MusicPages.java:19)
	at assets.Cleaner.cleaner(Cleaner.java:15)
	at amazon.AmazonBase.SetupAmazon(AmazonBase.java:33)
	at sun.reflect.NativeMethodAccessorImpl.invoke0(Native Method)
	at sun.reflect.NativeMethodAccessorImpl.invoke(NativeMethodAccessorImpl.java:62)
	at sun.reflect.DelegatingMethodAccessorImpl.invoke(DelegatingMethodAccessorImpl.java:43)
	at java.lang.reflect.Method.invoke(Method.java:498)
	at org.testng.internal.MethodInvocationHelper.invokeMethod(MethodInvocationHelper.java:108)
	at org.testng.internal.Invoker.invokeConfigurationMethod(Invoker.java:523)
	at org.testng.internal.Invoker.invokeConfigurations(Invoker.java:224)
	at org.testng.internal.Invoker.invokeConfigurations(Invoker.java:146)
	at org.testng.internal.TestMethodWorker.invokeBeforeClassMethods(TestMethodWorker.java:166)
	at org.testng.internal.TestMethodWorker.run(TestMethodWorker.java:105)
	at org.testng.TestRunner.privateRun(TestRunner.java:744)
	at org.testng.TestRunner.run(TestRunner.java:602)
	at org.testng.SuiteRunner.runTest(SuiteRunner.java:380)
	at org.testng.SuiteRunner.runSequentially(SuiteRunner.java:375)
	at org.testng.SuiteRunner.privateRun(SuiteRunner.java:340)
	at org.testng.SuiteRunner.run(SuiteRunner.java:289)
	at org.testng.SuiteRunnerWorker.runSuite(SuiteRunnerWorker.java:52)
	at org.testng.SuiteRunnerWorker.run(SuiteRunnerWorker.java:86)
	at org.testng.TestNG.runSuitesSequentially(TestNG.java:1301)
	at org.testng.TestNG.runSuitesLocally(TestNG.java:1226)
	at org.testng.TestNG.runSuites(TestNG.java:1144)
	at org.testng.TestNG.run(TestNG.java:1115)
	at org.testng.remote.AbstractRemoteTestNG.run(AbstractRemoteTestNG.java:115)
	at org.testng.remote.RemoteTestNG.initAndRun(RemoteTestNG.java:251)
	at org.testng.remote.RemoteTestNG.main(RemoteTestNG.java:77)
</pre></div></td>
<td>13</td>
<td>tests.AddMusicTestCase@5c7fa833</td></tr>
</table><p>
<table width='100%' border='1' class='invocation-skipped'>
<tr><td colspan='4' align='center'><b>SKIPPED CONFIGURATIONS</b></td></tr>
<tr><td><b>Test method</b></td>
<td width="30%"><b>Exception</b></td>
<td width="10%"><b>Time (seconds)</b></td>
<td><b>Instance</b></td>
</tr>
<tr>
<td title='tests.AddMusicTestCase.FindItem()'><b>FindItem</b><br>Test class: tests.AddMusicTestCase</td>
<td></td>
<td>0</td>
<td>tests.AddMusicTestCase@5c7fa833</td></tr>
<tr>
<td title='tests.AddMusicTestCase.CloseBrowser()'><b>CloseBrowser</b><br>Test class: tests.AddMusicTestCase</td>
<td></td>
<td>0</td>
<td>tests.AddMusicTestCase@5c7fa833</td></tr>
</table><p>
<table width='100%' border='1' class='invocation-passed'>
<tr><td colspan='4' align='center'><b>PASSED TESTS</b></td></tr>
<tr><td><b>Test method</b></td>
<td width="30%"><b>Exception</b></td>
<td width="10%"><b>Time (seconds)</b></td>
<td><b>Instance</b></td>
</tr>
<tr>
<td title='tests.SmokeTestCase.AddtoCartSmoke()'><b>AddtoCartSmoke</b><br>Test class: tests.SmokeTestCase<br>Test method: Test adds an item to the cart, SMOKE</td>
<td></td>
<td>10</td>
<td>tests.SmokeTestCase@7823a2f9</td></tr>
<tr>
<td title='tests.SmokeTestCase.FillCCSmoke()'><b>FillCCSmoke</b><br>Test class: tests.SmokeTestCase<br>Test method: Test proceeds to the payment and fills CC information, SMOKE</td>
<td></td>
<td>3</td>
<td>tests.SmokeTestCase@7823a2f9</td></tr>
<tr>
<td title='tests.SmokeTestCase.SubmitAddressSmoke()'><b>SubmitAddressSmoke</b><br>Test class: tests.SmokeTestCase<br>Test method: Test fills address form and submits it, SMOKE</td>
<td></td>
<td>5</td>
<td>tests.SmokeTestCase@7823a2f9</td></tr>
</table><p>
<table width='100%' border='1' class='invocation-skipped'>
<tr><td colspan='4' align='center'><b>SKIPPED TESTS</b></td></tr>
<tr><td><b>Test method</b></td>
<td width="30%"><b>Exception</b></td>
<td width="10%"><b>Time (seconds)</b></td>
<td><b>Instance</b></td>
</tr>
<tr>
<td title='tests.AddMusicTestCase.Add5CDsToCart()'><b>Add5CDsToCart</b><br>Test class: tests.AddMusicTestCase<br>Test method: Test added and removed 5 Audio CDs</td>
<td><div><pre>java.util.NoSuchElementException: No value present
	at java.util.Optional.get(Optional.java:135)
	at amazon.Pages.GlobalPages.OpenDepartment(GlobalPages.java:155)
	at amazon.Pages.MusicPages.OpenMp3Cart(MusicPages.java:19)
	at assets.Cleaner.cleaner(Cleaner.java:15)
	at amazon.AmazonBase.SetupAmazon(AmazonBase.java:33)
... Removed 25 stack frames</pre></div><a href='#' onClick='toggleBox("stack-trace1544147328", this, "Click to show all stack frames", "Click to hide stack frames")'>Click to show all stack frames</a>
<div class='stack-trace' id='stack-trace1544147328'><pre>java.util.NoSuchElementException: No value present
	at java.util.Optional.get(Optional.java:135)
	at amazon.Pages.GlobalPages.OpenDepartment(GlobalPages.java:155)
	at amazon.Pages.MusicPages.OpenMp3Cart(MusicPages.java:19)
	at assets.Cleaner.cleaner(Cleaner.java:15)
	at amazon.AmazonBase.SetupAmazon(AmazonBase.java:33)
	at sun.reflect.NativeMethodAccessorImpl.invoke0(Native Method)
	at sun.reflect.NativeMethodAccessorImpl.invoke(NativeMethodAccessorImpl.java:62)
	at sun.reflect.DelegatingMethodAccessorImpl.invoke(DelegatingMethodAccessorImpl.java:43)
	at java.lang.reflect.Method.invoke(Method.java:498)
	at org.testng.internal.MethodInvocationHelper.invokeMethod(MethodInvocationHelper.java:108)
	at org.testng.internal.Invoker.invokeConfigurationMethod(Invoker.java:523)
	at org.testng.internal.Invoker.invokeConfigurations(Invoker.java:224)
	at org.testng.internal.Invoker.invokeConfigurations(Invoker.java:146)
	at org.testng.internal.TestMethodWorker.invokeBeforeClassMethods(TestMethodWorker.java:166)
	at org.testng.internal.TestMethodWorker.run(TestMethodWorker.java:105)
	at org.testng.TestRunner.privateRun(TestRunner.java:744)
	at org.testng.TestRunner.run(TestRunner.java:602)
	at org.testng.SuiteRunner.runTest(SuiteRunner.java:380)
	at org.testng.SuiteRunner.runSequentially(SuiteRunner.java:375)
	at org.testng.SuiteRunner.privateRun(SuiteRunner.java:340)
	at org.testng.SuiteRunner.run(SuiteRunner.java:289)
	at org.testng.SuiteRunnerWorker.runSuite(SuiteRunnerWorker.java:52)
	at org.testng.SuiteRunnerWorker.run(SuiteRunnerWorker.java:86)
	at org.testng.TestNG.runSuitesSequentially(TestNG.java:1301)
	at org.testng.TestNG.runSuitesLocally(TestNG.java:1226)
	at org.testng.TestNG.runSuites(TestNG.java:1144)
	at org.testng.TestNG.run(TestNG.java:1115)
	at org.testng.remote.AbstractRemoteTestNG.run(AbstractRemoteTestNG.java:115)
	at org.testng.remote.RemoteTestNG.initAndRun(RemoteTestNG.java:251)
	at org.testng.remote.RemoteTestNG.main(RemoteTestNG.java:77)
</pre></div></td>
<td>0</td>
<td>tests.AddMusicTestCase@5c7fa833</td></tr>
<tr>
<td title='tests.AddMusicTestCase.AddCDToCart()'><b>AddCDToCart</b><br>Test class: tests.AddMusicTestCase<br>Test method: Add all types of music items and removed them from the carts</td>
<td><div><pre>java.util.NoSuchElementException: No value present
	at java.util.Optional.get(Optional.java:135)
	at amazon.Pages.GlobalPages.OpenDepartment(GlobalPages.java:155)
	at amazon.Pages.MusicPages.OpenMp3Cart(MusicPages.java:19)
	at assets.Cleaner.cleaner(Cleaner.java:15)
	at amazon.AmazonBase.SetupAmazon(AmazonBase.java:33)
... Removed 25 stack frames</pre></div><a href='#' onClick='toggleBox("stack-trace37400149", this, "Click to show all stack frames", "Click to hide stack frames")'>Click to show all stack frames</a>
<div class='stack-trace' id='stack-trace37400149'><pre>java.util.NoSuchElementException: No value present
	at java.util.Optional.get(Optional.java:135)
	at amazon.Pages.GlobalPages.OpenDepartment(GlobalPages.java:155)
	at amazon.Pages.MusicPages.OpenMp3Cart(MusicPages.java:19)
	at assets.Cleaner.cleaner(Cleaner.java:15)
	at amazon.AmazonBase.SetupAmazon(AmazonBase.java:33)
	at sun.reflect.NativeMethodAccessorImpl.invoke0(Native Method)
	at sun.reflect.NativeMethodAccessorImpl.invoke(NativeMethodAccessorImpl.java:62)
	at sun.reflect.DelegatingMethodAccessorImpl.invoke(DelegatingMethodAccessorImpl.java:43)
	at java.lang.reflect.Method.invoke(Method.java:498)
	at org.testng.internal.MethodInvocationHelper.invokeMethod(MethodInvocationHelper.java:108)
	at org.testng.internal.Invoker.invokeConfigurationMethod(Invoker.java:523)
	at org.testng.internal.Invoker.invokeConfigurations(Invoker.java:224)
	at org.testng.internal.Invoker.invokeConfigurations(Invoker.java:146)
	at org.testng.internal.TestMethodWorker.invokeBeforeClassMethods(TestMethodWorker.java:166)
	at org.testng.internal.TestMethodWorker.run(TestMethodWorker.java:105)
	at org.testng.TestRunner.privateRun(TestRunner.java:744)
	at org.testng.TestRunner.run(TestRunner.java:602)
	at org.testng.SuiteRunner.runTest(SuiteRunner.java:380)
	at org.testng.SuiteRunner.runSequentially(SuiteRunner.java:375)
	at org.testng.SuiteRunner.privateRun(SuiteRunner.java:340)
	at org.testng.SuiteRunner.run(SuiteRunner.java:289)
	at org.testng.SuiteRunnerWorker.runSuite(SuiteRunnerWorker.java:52)
	at org.testng.SuiteRunnerWorker.run(SuiteRunnerWorker.java:86)
	at org.testng.TestNG.runSuitesSequentially(TestNG.java:1301)
	at org.testng.TestNG.runSuitesLocally(TestNG.java:1226)
	at org.testng.TestNG.runSuites(TestNG.java:1144)
	at org.testng.TestNG.run(TestNG.java:1115)
	at org.testng.remote.AbstractRemoteTestNG.run(AbstractRemoteTestNG.java:115)
	at org.testng.remote.RemoteTestNG.initAndRun(RemoteTestNG.java:251)
	at org.testng.remote.RemoteTestNG.main(RemoteTestNG.java:77)
</pre></div></td>
<td>0</td>
<td>tests.AddMusicTestCase@5c7fa833</td></tr>
<tr>
<td title='tests.AddMusicTestCase.AddCassetteToCart()'><b>AddCassetteToCart</b><br>Test class: tests.AddMusicTestCase<br>Test method: Add all types of music items and removed them from the carts</td>
<td><div><pre>java.util.NoSuchElementException: No value present
	at java.util.Optional.get(Optional.java:135)
	at amazon.Pages.GlobalPages.OpenDepartment(GlobalPages.java:155)
	at amazon.Pages.MusicPages.OpenMp3Cart(MusicPages.java:19)
	at assets.Cleaner.cleaner(Cleaner.java:15)
	at amazon.AmazonBase.SetupAmazon(AmazonBase.java:33)
... Removed 25 stack frames</pre></div><a href='#' onClick='toggleBox("stack-trace1599556802", this, "Click to show all stack frames", "Click to hide stack frames")'>Click to show all stack frames</a>
<div class='stack-trace' id='stack-trace1599556802'><pre>java.util.NoSuchElementException: No value present
	at java.util.Optional.get(Optional.java:135)
	at amazon.Pages.GlobalPages.OpenDepartment(GlobalPages.java:155)
	at amazon.Pages.MusicPages.OpenMp3Cart(MusicPages.java:19)
	at assets.Cleaner.cleaner(Cleaner.java:15)
	at amazon.AmazonBase.SetupAmazon(AmazonBase.java:33)
	at sun.reflect.NativeMethodAccessorImpl.invoke0(Native Method)
	at sun.reflect.NativeMethodAccessorImpl.invoke(NativeMethodAccessorImpl.java:62)
	at sun.reflect.DelegatingMethodAccessorImpl.invoke(DelegatingMethodAccessorImpl.java:43)
	at java.lang.reflect.Method.invoke(Method.java:498)
	at org.testng.internal.MethodInvocationHelper.invokeMethod(MethodInvocationHelper.java:108)
	at org.testng.internal.Invoker.invokeConfigurationMethod(Invoker.java:523)
	at org.testng.internal.Invoker.invokeConfigurations(Invoker.java:224)
	at org.testng.internal.Invoker.invokeConfigurations(Invoker.java:146)
	at org.testng.internal.TestMethodWorker.invokeBeforeClassMethods(TestMethodWorker.java:166)
	at org.testng.internal.TestMethodWorker.run(TestMethodWorker.java:105)
	at org.testng.TestRunner.privateRun(TestRunner.java:744)
	at org.testng.TestRunner.run(TestRunner.java:602)
	at org.testng.SuiteRunner.runTest(SuiteRunner.java:380)
	at org.testng.SuiteRunner.runSequentially(SuiteRunner.java:375)
	at org.testng.SuiteRunner.privateRun(SuiteRunner.java:340)
	at org.testng.SuiteRunner.run(SuiteRunner.java:289)
	at org.testng.SuiteRunnerWorker.runSuite(SuiteRunnerWorker.java:52)
	at org.testng.SuiteRunnerWorker.run(SuiteRunnerWorker.java:86)
	at org.testng.TestNG.runSuitesSequentially(TestNG.java:1301)
	at org.testng.TestNG.runSuitesLocally(TestNG.java:1226)
	at org.testng.TestNG.runSuites(TestNG.java:1144)
	at org.testng.TestNG.run(TestNG.java:1115)
	at org.testng.remote.AbstractRemoteTestNG.run(AbstractRemoteTestNG.java:115)
	at org.testng.remote.RemoteTestNG.initAndRun(RemoteTestNG.java:251)
	at org.testng.remote.RemoteTestNG.main(RemoteTestNG.java:77)
</pre></div></td>
<td>0</td>
<td>tests.AddMusicTestCase@5c7fa833</td></tr>
<tr>
<td title='tests.AddMusicTestCase.AddMp3ToCart()'><b>AddMp3ToCart</b><br>Test class: tests.AddMusicTestCase<br>Test method: Add all types of music items and removed them from the carts</td>
<td><div><pre>java.util.NoSuchElementException: No value present
	at java.util.Optional.get(Optional.java:135)
	at amazon.Pages.GlobalPages.OpenDepartment(GlobalPages.java:155)
	at amazon.Pages.MusicPages.OpenMp3Cart(MusicPages.java:19)
	at assets.Cleaner.cleaner(Cleaner.java:15)
	at amazon.AmazonBase.SetupAmazon(AmazonBase.java:33)
... Removed 25 stack frames</pre></div><a href='#' onClick='toggleBox("stack-trace1745608181", this, "Click to show all stack frames", "Click to hide stack frames")'>Click to show all stack frames</a>
<div class='stack-trace' id='stack-trace1745608181'><pre>java.util.NoSuchElementException: No value present
	at java.util.Optional.get(Optional.java:135)
	at amazon.Pages.GlobalPages.OpenDepartment(GlobalPages.java:155)
	at amazon.Pages.MusicPages.OpenMp3Cart(MusicPages.java:19)
	at assets.Cleaner.cleaner(Cleaner.java:15)
	at amazon.AmazonBase.SetupAmazon(AmazonBase.java:33)
	at sun.reflect.NativeMethodAccessorImpl.invoke0(Native Method)
	at sun.reflect.NativeMethodAccessorImpl.invoke(NativeMethodAccessorImpl.java:62)
	at sun.reflect.DelegatingMethodAccessorImpl.invoke(DelegatingMethodAccessorImpl.java:43)
	at java.lang.reflect.Method.invoke(Method.java:498)
	at org.testng.internal.MethodInvocationHelper.invokeMethod(MethodInvocationHelper.java:108)
	at org.testng.internal.Invoker.invokeConfigurationMethod(Invoker.java:523)
	at org.testng.internal.Invoker.invokeConfigurations(Invoker.java:224)
	at org.testng.internal.Invoker.invokeConfigurations(Invoker.java:146)
	at org.testng.internal.TestMethodWorker.invokeBeforeClassMethods(TestMethodWorker.java:166)
	at org.testng.internal.TestMethodWorker.run(TestMethodWorker.java:105)
	at org.testng.TestRunner.privateRun(TestRunner.java:744)
	at org.testng.TestRunner.run(TestRunner.java:602)
	at org.testng.SuiteRunner.runTest(SuiteRunner.java:380)
	at org.testng.SuiteRunner.runSequentially(SuiteRunner.java:375)
	at org.testng.SuiteRunner.privateRun(SuiteRunner.java:340)
	at org.testng.SuiteRunner.run(SuiteRunner.java:289)
	at org.testng.SuiteRunnerWorker.runSuite(SuiteRunnerWorker.java:52)
	at org.testng.SuiteRunnerWorker.run(SuiteRunnerWorker.java:86)
	at org.testng.TestNG.runSuitesSequentially(TestNG.java:1301)
	at org.testng.TestNG.runSuitesLocally(TestNG.java:1226)
	at org.testng.TestNG.runSuites(TestNG.java:1144)
	at org.testng.TestNG.run(TestNG.java:1115)
	at org.testng.remote.AbstractRemoteTestNG.run(AbstractRemoteTestNG.java:115)
	at org.testng.remote.RemoteTestNG.initAndRun(RemoteTestNG.java:251)
	at org.testng.remote.RemoteTestNG.main(RemoteTestNG.java:77)
</pre></div></td>
<td>0</td>
<td>tests.AddMusicTestCase@5c7fa833</td></tr>
<tr>
<td title='tests.AddMusicTestCase.AddVinylToCart()'><b>AddVinylToCart</b><br>Test class: tests.AddMusicTestCase<br>Test method: Add all types of music items and removed them from the carts</td>
<td><div><pre>java.util.NoSuchElementException: No value present
	at java.util.Optional.get(Optional.java:135)
	at amazon.Pages.GlobalPages.OpenDepartment(GlobalPages.java:155)
	at amazon.Pages.MusicPages.OpenMp3Cart(MusicPages.java:19)
	at assets.Cleaner.cleaner(Cleaner.java:15)
	at amazon.AmazonBase.SetupAmazon(AmazonBase.java:33)
... Removed 25 stack frames</pre></div><a href='#' onClick='toggleBox("stack-trace2057077925", this, "Click to show all stack frames", "Click to hide stack frames")'>Click to show all stack frames</a>
<div class='stack-trace' id='stack-trace2057077925'><pre>java.util.NoSuchElementException: No value present
	at java.util.Optional.get(Optional.java:135)
	at amazon.Pages.GlobalPages.OpenDepartment(GlobalPages.java:155)
	at amazon.Pages.MusicPages.OpenMp3Cart(MusicPages.java:19)
	at assets.Cleaner.cleaner(Cleaner.java:15)
	at amazon.AmazonBase.SetupAmazon(AmazonBase.java:33)
	at sun.reflect.NativeMethodAccessorImpl.invoke0(Native Method)
	at sun.reflect.NativeMethodAccessorImpl.invoke(NativeMethodAccessorImpl.java:62)
	at sun.reflect.DelegatingMethodAccessorImpl.invoke(DelegatingMethodAccessorImpl.java:43)
	at java.lang.reflect.Method.invoke(Method.java:498)
	at org.testng.internal.MethodInvocationHelper.invokeMethod(MethodInvocationHelper.java:108)
	at org.testng.internal.Invoker.invokeConfigurationMethod(Invoker.java:523)
	at org.testng.internal.Invoker.invokeConfigurations(Invoker.java:224)
	at org.testng.internal.Invoker.invokeConfigurations(Invoker.java:146)
	at org.testng.internal.TestMethodWorker.invokeBeforeClassMethods(TestMethodWorker.java:166)
	at org.testng.internal.TestMethodWorker.run(TestMethodWorker.java:105)
	at org.testng.TestRunner.privateRun(TestRunner.java:744)
	at org.testng.TestRunner.run(TestRunner.java:602)
	at org.testng.SuiteRunner.runTest(SuiteRunner.java:380)
	at org.testng.SuiteRunner.runSequentially(SuiteRunner.java:375)
	at org.testng.SuiteRunner.privateRun(SuiteRunner.java:340)
	at org.testng.SuiteRunner.run(SuiteRunner.java:289)
	at org.testng.SuiteRunnerWorker.runSuite(SuiteRunnerWorker.java:52)
	at org.testng.SuiteRunnerWorker.run(SuiteRunnerWorker.java:86)
	at org.testng.TestNG.runSuitesSequentially(TestNG.java:1301)
	at org.testng.TestNG.runSuitesLocally(TestNG.java:1226)
	at org.testng.TestNG.runSuites(TestNG.java:1144)
	at org.testng.TestNG.run(TestNG.java:1115)
	at org.testng.remote.AbstractRemoteTestNG.run(AbstractRemoteTestNG.java:115)
	at org.testng.remote.RemoteTestNG.initAndRun(RemoteTestNG.java:251)
	at org.testng.remote.RemoteTestNG.main(RemoteTestNG.java:77)
</pre></div></td>
<td>0</td>
<td>tests.AddMusicTestCase@5c7fa833</td></tr>
</table><p>
</body>
</html>